Determining if the C compiler works failed with the following output:
Change Dir: /home/kyt/Desktop/programs/cmatrix-bitmap/build/CMakeFiles/CMakeTmp

Run Build Command:"/usr/bin/ninja" "cmTC_b16aa"
[1/2] Building C object CMakeFiles/cmTC_b16aa.dir/testCCompiler.c.o
[2/2] Linking C executable cmTC_b16aa
FAILED: cmTC_b16aa 
: && /usr/bin/avr-gcc-5.4.0   -rdynamic CMakeFiles/cmTC_b16aa.dir/testCCompiler.c.o  -o cmTC_b16aa   && :
avr-gcc-5.4.0: error: unrecognized command line option ‘-rdynamic’
ninja: build stopped: subcommand failed.


Determining if the C compiler works failed with the following output:
Change Dir: /home/kyt/Desktop/programs/cmatrix-bitmap/build/CMakeFiles/CMakeTmp

Run Build Command:"/usr/bin/ninja" "cmTC_74d0f"
[1/2] Building C object CMakeFiles/cmTC_74d0f.dir/testCCompiler.c.o
[2/2] Linking C executable cmTC_74d0f
FAILED: cmTC_74d0f 
: && /usr/bin/avr-gcc-5.4.0   -rdynamic CMakeFiles/cmTC_74d0f.dir/testCCompiler.c.o  -o cmTC_74d0f   && :
avr-gcc-5.4.0: error: unrecognized command line option ‘-rdynamic’
ninja: build stopped: subcommand failed.


